2025-05-28 07:06:39 INFO     [__main__] Logger initialized — start live run
2025-05-28 07:14:42 INFO     [__main__] Logger initialized — start live run
2025-05-28 07:19:53 INFO     [__main__] Logger initialized — start live run
2025-05-28 07:21:15 INFO     [__main__] Logger initialized — start live run
2025-05-28 07:23:39 INFO     [__main__] Logger initialized — start live run
2025-05-28 07:31:24 INFO     [__main__] Logger initialized — start live run
2025-05-28 07:40:50 INFO     [__main__] Logger initialized — start live run
2025-05-28 07:40:50 INFO     [__main__] >>> run_live() entered
2025-05-28 07:40:50 INFO     [__main__] >>> run_live() entered (paper=True)
2025-05-28 07:40:50 INFO     [__main__] cfg keys: ['fundamentals', 'log_level']
2025-05-28 07:40:50 INFO     [__main__] cfg['live']: None
2025-05-28 07:45:42 INFO     [__main__] Logger initialized — start live run
2025-05-28 07:45:42 INFO     [__main__] >>> run_live() entered
2025-05-28 07:45:42 INFO     [__main__] >>> run_live() entered (paper=True)
2025-05-28 07:45:42 INFO     [__main__] cfg keys: ['fundamentals', 'live', 'log_level']
2025-05-28 07:45:42 INFO     [__main__] cfg['live']: {'capital': 1000000, 'risk_pct': 0.01, 'top_n': 5, 'throttle_sec': 0.2}
2025-05-28 07:45:42 INFO     [__main__] Generating SEPA signals (top_n=5)…
2025-05-28 07:49:37 INFO     [__main__] Logger initialized — start live run
2025-05-28 07:49:37 INFO     [__main__] >>> run_live() entered
2025-05-28 07:49:37 INFO     [__main__] >>> run_live() entered (paper=True)
2025-05-28 07:49:37 INFO     [__main__] cfg keys: ['fundamentals', 'live', 'log_level']
2025-05-28 07:49:37 INFO     [__main__] cfg['live']: {'capital': 1000000, 'risk_pct': 0.01, 'top_n': 5, 'throttle_sec': 0.2}
2025-05-28 07:49:37 INFO     [__main__] Generating SEPA signals (top_n=5)…
2025-05-28 07:55:38 INFO     [__main__] Logger initialized — start live run
2025-05-28 07:55:38 INFO     [__main__] >>> run_live() entered
2025-05-28 07:55:38 INFO     [__main__] >>> run_live() entered (paper=True)
2025-05-28 07:55:38 INFO     [__main__] cfg keys: ['fundamentals', 'live', 'log_level']
2025-05-28 07:55:38 INFO     [__main__] cfg['live']: {'capital': 1000000, 'risk_pct': 0.01, 'top_n': 5, 'throttle_sec': 0.2}
2025-05-28 07:55:38 INFO     [__main__] Generating SEPA signals (top_n=5)…
2025-05-28 07:58:00 INFO     [__main__] Logger initialized — start live run
2025-05-28 07:58:00 INFO     [__main__] >>> run_live() entered
2025-05-28 07:58:00 INFO     [__main__] >>> run_live() entered (paper=True)
2025-05-28 07:58:00 INFO     [__main__] cfg keys: ['fundamentals', 'live', 'log_level']
2025-05-28 07:58:00 INFO     [__main__] cfg['live']: {'capital': 1000000, 'risk_pct': 0.01, 'top_n': 5, 'throttle_sec': 0.2}
2025-05-28 07:58:00 INFO     [__main__] Generating SEPA signals (top_n=5)…
2025-05-28 08:03:00 INFO     [__main__] Logger initialized — start live run
2025-05-28 08:03:00 INFO     [__main__] >>> run_live() entered
2025-05-28 08:03:00 INFO     [__main__] >>> run_live() entered (paper=True)
2025-05-28 08:03:00 INFO     [__main__] cfg keys: ['fundamentals', 'live', 'log_level']
2025-05-28 08:03:00 INFO     [__main__] cfg['live']: {'capital': 1000000, 'risk_pct': 0.01, 'top_n': 5, 'throttle_sec': 0.2}
2025-05-28 08:03:00 INFO     [__main__] Generating SEPA signals (top_n=5)…
2025-05-28 08:23:56 INFO     [__main__] Logger initialized — start live run
2025-05-28 08:23:56 INFO     [__main__] >>> run_live() entered
2025-05-28 08:23:56 INFO     [__main__] >>> run_live() entered (paper=True)
2025-05-28 08:23:56 INFO     [__main__] cfg keys: ['fundamentals', 'live', 'log_level']
2025-05-28 08:23:56 INFO     [__main__] cfg['live']: {'capital': 1000000, 'risk_pct': 0.01, 'top_n': 5, 'throttle_sec': 0.2}
2025-05-28 08:23:56 INFO     [__main__] Generating SEPA signals (top_n=5)…
2025-05-28 08:33:08 INFO     [__main__] Logger initialized — start live run
2025-05-28 08:33:08 INFO     [__main__] >>> run_live() entered
2025-05-28 08:33:08 INFO     [__main__] >>> run_live() entered (paper=True)
2025-05-28 08:33:08 INFO     [__main__] cfg keys: ['fundamentals', 'live', 'log_level']
2025-05-28 08:33:08 INFO     [__main__] cfg['live']: {'capital': 1000000, 'risk_pct': 0.01, 'top_n': 5, 'throttle_sec': 0.2}
2025-05-28 08:33:08 INFO     [__main__] Generating SEPA signals (top_n=5)…
2025-05-28 08:33:33 INFO     [__main__] screen() returned 5 rows
2025-05-28 08:48:58 INFO     [__main__] Logger initialized — start live run
2025-05-28 08:48:58 INFO     [__main__] >>> run_live() entered
2025-05-28 08:48:58 INFO     [__main__] >>> run_live() entered (paper=True)
2025-05-28 08:48:58 INFO     [__main__] cfg keys: ['fundamentals', 'live', 'log_level']
2025-05-28 08:48:58 INFO     [__main__] cfg['live']: {'capital': 1000000, 'risk_pct': 0.01, 'top_n': 5, 'throttle_sec': 0.2}
2025-05-28 08:48:58 INFO     [__main__] Generating SEPA signals (top_n=5)…
2025-05-28 08:49:22 INFO     [__main__] screen() returned 5 rows
2025-05-28 09:02:22 INFO     [__main__] Logger initialized — start live run
2025-05-28 09:02:22 INFO     [__main__] >>> run_live() entered
2025-05-28 09:02:22 INFO     [__main__] >>> run_live() entered (paper=True)
2025-05-28 09:02:22 INFO     [__main__] cfg keys: ['fundamentals', 'live', 'log_level']
2025-05-28 09:02:22 INFO     [__main__] cfg['live']: {'capital': 1000000, 'risk_pct': 0.01, 'top_n': 5, 'throttle_sec': 0.2}
2025-05-28 09:02:22 INFO     [__main__] Generating SEPA signals (top_n=5)…
2025-05-28 09:02:46 INFO     [__main__] screen() returned 5 rows
2025-05-28 09:21:00 INFO     [__main__] Logger initialized — start live run
2025-05-28 09:21:00 INFO     [__main__] >>> run_live() entered
2025-05-28 09:21:00 INFO     [__main__] >>> run_live() entered (paper=True)
2025-05-28 09:21:00 INFO     [__main__] cfg keys: ['fundamentals', 'live', 'log_level']
2025-05-28 09:21:00 INFO     [__main__] cfg['live']: {'capital': 1000000, 'risk_pct': 0.01, 'top_n': 5, 'throttle_sec': 0.2}
2025-05-28 09:21:00 INFO     [__main__] Generating SEPA signals (top_n=5)…
2025-05-28 09:21:29 INFO     [__main__] screen() returned 5 rows
2025-05-28 09:33:12 INFO     [__main__] Logger initialized — start live run
2025-05-28 09:33:12 INFO     [__main__] >>> run_live() entered
2025-05-28 09:33:12 INFO     [__main__] >>> run_live() entered (paper=True)
2025-05-28 09:33:12 INFO     [__main__] cfg keys: ['fundamentals', 'live', 'log_level']
2025-05-28 09:33:12 INFO     [__main__] cfg['live']: {'capital': 1000000, 'risk_pct': 0.01, 'top_n': 5, 'throttle_sec': 0.2}
2025-05-28 09:33:12 INFO     [__main__] Generating SEPA signals (top_n=5)…
2025-05-28 09:33:36 INFO     [__main__] screen() returned 5 rows
2025-05-28 09:51:39 INFO     [__main__] Logger initialized — start live run
2025-05-28 09:51:39 INFO     [__main__] >>> run_live() entered
2025-05-28 09:51:39 INFO     [__main__] >>> run_live() entered (paper=True)
2025-05-28 09:51:39 INFO     [__main__] cfg keys: ['fundamentals', 'live', 'log_level']
2025-05-28 09:51:39 INFO     [__main__] cfg['live']: {'capital': 1000000, 'risk_pct': 0.01, 'top_n': 5, 'throttle_sec': 0.2}
2025-05-28 09:51:39 INFO     [__main__] Generating SEPA signals (top_n=5)…
2025-05-28 09:52:03 INFO     [__main__] screen() returned 5 rows
2025-05-28 09:52:03 INFO     [__main__] [PAPER] Order skipped (dry-run mode)
2025-05-28 09:52:04 INFO     [__main__] [PAPER] Order skipped (dry-run mode)
2025-05-28 09:52:04 INFO     [__main__] [PAPER] Order skipped (dry-run mode)
2025-05-28 09:52:05 INFO     [__main__] [PAPER] Order skipped (dry-run mode)
2025-05-28 09:52:05 INFO     [__main__] [PAPER] Order skipped (dry-run mode)
2025-05-28 09:58:03 INFO     [__main__] Logger initialized — start live run
2025-05-28 09:58:03 INFO     [__main__] >>> run_live() entered
2025-05-28 09:58:03 INFO     [__main__] >>> run_live() entered (paper=True)
2025-05-28 09:58:03 INFO     [__main__] cfg keys: ['fundamentals', 'live', 'log_level']
2025-05-28 09:58:03 INFO     [__main__] cfg['live']: {'capital': 1000000, 'risk_pct': 0.01, 'top_n': 5, 'throttle_sec': 0.2}
2025-05-28 09:58:03 INFO     [__main__] Generating SEPA signals (top_n=5)…
2025-05-28 09:58:28 INFO     [__main__] screen() returned 5 rows
2025-05-28 09:58:28 INFO     [__main__] [SIGNAL] META entry=633.33 sl=589.44 tp=NA qty=6
2025-05-28 09:58:28 INFO     [__main__] [PAPER] Order skipped (dry-run mode)
2025-05-28 09:58:29 INFO     [__main__] [SIGNAL] MSFT entry=454.68 sl=423.17 tp=NA qty=15
2025-05-28 09:58:29 INFO     [__main__] [PAPER] Order skipped (dry-run mode)
2025-05-28 09:58:29 INFO     [__main__] [SIGNAL] JPM entry=263.32 sl=245.07 tp=NA qty=21
2025-05-28 09:58:29 INFO     [__main__] [PAPER] Order skipped (dry-run mode)
2025-05-28 09:58:30 INFO     [__main__] [SIGNAL] BRK-B entry=508.49 sl=473.25 tp=NA qty=16
2025-05-28 09:58:30 INFO     [__main__] [PAPER] Order skipped (dry-run mode)
2025-05-28 09:58:30 INFO     [__main__] [SIGNAL] QQQ entry=514.33 sl=478.69 tp=NA qty=13
2025-05-28 09:58:30 INFO     [__main__] [PAPER] Order skipped (dry-run mode)
2025-05-29 09:47:53 INFO     [__main__] Logger initialized — start live run
2025-05-29 09:47:53 INFO     [__main__] >>> run_live() entered
2025-05-29 09:47:53 INFO     [__main__] >>> run_live() entered (paper=True)
2025-05-29 09:47:53 INFO     [__main__] cfg keys: ['fundamentals', 'live', 'log_level', 'sepa']
2025-05-29 09:47:53 INFO     [__main__] cfg['live']: {'capital': 1000000, 'top_n': 5, 'throttle_sec': 0.2}
2025-05-29 09:47:53 INFO     [__main__] Generating SEPA signals (top_n=5)…
2025-05-29 09:48:15 INFO     [__main__] screen() returned 0 rows
2025-05-29 09:48:15 WARNING  [__main__] No signals generated — abort.
2025-05-29 16:30:16 INFO     [__main__] Logger initialized — start live run
2025-05-29 16:30:16 INFO     [__main__] >>> run_live() entered
2025-05-29 16:30:16 INFO     [__main__] >>> run_live() entered (paper=True)
2025-05-29 16:30:16 INFO     [__main__] cfg keys: ['fundamentals', 'live', 'log_level', 'sepa']
2025-05-29 16:30:16 INFO     [__main__] cfg['live']: {'capital': 1000000, 'top_n': 5, 'throttle_sec': 0.2}
2025-05-29 16:30:16 INFO     [__main__] Generating SEPA signals (top_n=5)…
2025-05-29 16:30:44 INFO     [__main__] screen() returned 0 rows
2025-05-29 16:30:44 WARNING  [__main__] No signals generated — abort.
2025-05-29 17:26:28 INFO     [__main__] Logger initialized — start live run
2025-05-29 17:26:28 INFO     [__main__] >>> run_live() entered
2025-05-29 17:26:28 INFO     [__main__] >>> run_live() entered (paper=True)
2025-05-29 17:26:28 INFO     [__main__] cfg keys: ['fundamentals', 'live', 'log_level', 'sepa']
2025-05-29 17:26:28 INFO     [__main__] cfg['live']: {'capital': 1000000, 'top_n': 5, 'throttle_sec': 0.2}
2025-05-29 17:26:28 INFO     [__main__] Generating SEPA signals (top_n=5)…
2025-05-29 17:26:53 INFO     [__main__] screen() returned 0 rows
2025-05-29 17:26:53 WARNING  [__main__] No signals generated — abort.
2025-05-29 17:54:32 INFO     [__main__] Logger initialized — start live run
2025-05-29 17:54:32 INFO     [__main__] >>> run_live() entered
2025-05-29 17:54:32 INFO     [__main__] >>> run_live() entered (paper=True)
2025-05-29 17:54:32 INFO     [__main__] cfg keys: ['fundamentals', 'live', 'log_level', 'sepa']
2025-05-29 17:54:32 INFO     [__main__] cfg['live']: {'capital': 1000000, 'top_n': 5, 'throttle_sec': 0.2}
2025-05-29 17:54:32 INFO     [__main__] Generating SEPA signals (top_n=5)…
2025-05-29 17:54:57 INFO     [__main__] screen() returned 0 rows
2025-05-29 17:54:57 WARNING  [__main__] No signals generated — abort.
2025-05-30 07:45:38 INFO     [__main__] Logger initialized — start live run
2025-05-30 07:45:38 INFO     [__main__] >>> run_live() entered
2025-05-30 07:45:38 INFO     [__main__] >>> run_live() entered (paper=True)
2025-05-30 07:45:38 INFO     [__main__] cfg keys: ['fundamentals', 'live', 'log_level', 'sepa']
2025-05-30 07:45:38 INFO     [__main__] cfg['live']: {'capital': 1000000, 'top_n': 5, 'throttle_sec': 0.2}
2025-05-30 07:45:38 INFO     [__main__] Generating SEPA signals (top_n=5)…
2025-05-30 07:46:09 INFO     [__main__] screen() returned 2 rows
2025-05-30 07:50:50 INFO     [__main__] Logger initialized — start live run
2025-05-30 07:50:50 INFO     [__main__] >>> run_live() entered
2025-05-30 07:50:50 INFO     [__main__] >>> run_live() entered (paper=True)
2025-05-30 07:50:50 INFO     [__main__] cfg keys: ['fundamentals', 'live', 'log_level', 'sepa']
2025-05-30 07:50:50 INFO     [__main__] cfg['live']: {'capital': 1000000, 'top_n': 5, 'throttle_sec': 0.2}
2025-05-30 07:50:50 INFO     [__main__] Generating SEPA signals (top_n=5)…
2025-05-30 07:51:21 INFO     [__main__] screen() returned 2 rows
2025-05-30 08:16:18 INFO     [__main__] Logger initialized — start live run
2025-05-30 08:16:18 INFO     [__main__] >>> run_live() entered
2025-05-30 08:16:18 INFO     [__main__] >>> run_live() entered (paper=True)
2025-05-30 08:16:18 INFO     [__main__] cfg keys: ['fundamentals', 'live', 'log_level', 'sepa']
2025-05-30 08:16:18 INFO     [__main__] cfg['live']: {'capital': 1000000, 'top_n': 5, 'throttle_sec': 0.2}
2025-05-30 08:16:18 INFO     [__main__] Generating SEPA signals (top_n=5)…
2025-05-30 08:16:48 INFO     [__main__] screen() returned 2 rows
2025-05-30 08:16:48 WARNING  [__main__] [SKIP breakout] META - data error: 'tuple' object has no attribute 'capitalize'
2025-05-30 08:16:48 WARNING  [__main__] [SKIP breakout] NVDA - data error: 'tuple' object has no attribute 'capitalize'
2025-05-30 08:40:53 INFO     [__main__] Logger initialized — start live run
2025-05-30 08:40:53 INFO     [__main__] >>> run_live() entered
2025-05-30 08:40:53 INFO     [__main__] >>> run_live() entered (paper=True)
2025-05-30 08:40:53 INFO     [__main__] cfg keys: ['fundamentals', 'live', 'log_level', 'sepa']
2025-05-30 08:40:53 INFO     [__main__] cfg['live']: {'capital': 1000000, 'top_n': 5, 'throttle_sec': 0.2}
2025-05-30 08:40:53 INFO     [__main__] Generating SEPA signals (top_n=5)…
2025-05-30 08:41:24 INFO     [__main__] screen() returned 2 rows
2025-05-30 08:41:24 INFO     [__main__] [SKIP breakout] META - pivot 688.04 未ブレイク
2025-05-30 08:41:24 INFO     [__main__] [PASS breakout] NVDA - pivot 137.40 上抜け
2025-05-30 08:41:25 INFO     [__main__] [SIGNAL] NVDA entry=132.60 sl=123.41 tp=NA qty=4
2025-05-30 08:41:25 INFO     [__main__] [PAPER] Order skipped (dry-run mode)
2025-05-30 09:00:46 INFO     [__main__] Logger initialized — start live run
2025-05-30 09:00:46 INFO     [__main__] >>> run_live() entered
2025-05-30 09:00:46 INFO     [__main__] >>> run_live() entered (paper=True)
2025-05-30 09:00:46 INFO     [__main__] cfg keys: ['fundamentals', 'live', 'log_level', 'sepa']
2025-05-30 09:00:46 INFO     [__main__] cfg['live']: {'capital': 1000000, 'top_n': 5, 'throttle_sec': 0.2}
2025-05-30 09:00:46 INFO     [__main__] Generating SEPA signals (top_n=5)…
2025-05-30 09:01:18 INFO     [__main__] screen() returned 2 rows
2025-05-30 09:01:18 INFO     [__main__] [SKIP breakout] META - pivot 688.04 未ブレイク
2025-05-30 09:01:18 INFO     [__main__] [PASS breakout] NVDA - pivot 137.40 上抜け
2025-05-30 09:01:18 INFO     [__main__] [SIGNAL] NVDA entry=132.60 sl=123.41 tp=NA qty=480
2025-05-30 09:01:18 INFO     [__main__] [PAPER] Order skipped (dry-run mode)
2025-05-31 06:59:50 INFO     [__main__] Logger initialized — start live run
2025-05-31 06:59:50 INFO     [__main__] >>> run_live() entered
2025-05-31 06:59:50 INFO     [__main__] >>> run_live() entered (paper=True)
2025-05-31 06:59:50 INFO     [__main__] cfg keys: ['fundamentals', 'live', 'log_level', 'sepa']
2025-05-31 06:59:50 INFO     [__main__] cfg['live']: {'capital': 1000000, 'top_n': 5, 'throttle_sec': 0.2}
2025-05-31 06:59:50 INFO     [__main__] Generating SEPA signals (top_n=5)…
2025-05-31 07:00:22 INFO     [__main__] screen() returned 2 rows
2025-05-31 07:00:22 INFO     [__main__] [SKIP breakout] META - pivot 688.04 未ブレイク
2025-05-31 07:00:22 INFO     [__main__] [SKIP breakout] NVDA - pivot 143.49 未ブレイク
2025-05-31 08:28:22 INFO     [__main__] Logger initialized — start live run
2025-05-31 08:28:22 INFO     [__main__] >>> run_live() entered
2025-05-31 08:28:22 INFO     [__main__] >>> run_live() entered (paper=True)
2025-05-31 08:28:22 INFO     [__main__] cfg keys: ['fundamentals', 'live', 'log_level', 'sepa']
2025-05-31 08:28:22 INFO     [__main__] cfg['live']: {'capital': 1000000, 'top_n': 5, 'throttle_sec': 0.2}
2025-05-31 08:28:22 INFO     [__main__] Generating SEPA signals (top_n=5)…
2025-05-31 08:28:52 INFO     [__main__] screen() returned 2 rows
2025-05-31 08:28:53 INFO     [__main__] [SKIP breakout] META - pivot 688.04 未ブレイク
2025-05-31 08:28:53 INFO     [__main__] [SKIP breakout] NVDA - pivot 143.49 未ブレイク
2025-06-01 07:19:23 INFO     [__main__] Logger initialized — start live run
2025-06-01 07:19:23 INFO     [__main__] >>> run_live() entered
2025-06-01 07:19:23 INFO     [__main__] >>> run_live() entered (paper=True)
2025-06-01 07:19:23 INFO     [__main__] cfg keys: ['fundamentals', 'live', 'log_level', 'sepa']
2025-06-01 07:19:23 INFO     [__main__] cfg['live']: {'capital': 1000000, 'top_n': 5, 'throttle_sec': 0.2}
2025-06-01 07:19:23 INFO     [__main__] Generating SEPA signals (top_n=5)…
2025-06-01 07:19:56 INFO     [__main__] screen() returned 2 rows
2025-06-01 07:19:56 INFO     [__main__] [SKIP breakout] META - pivot 688.04 未ブレイク
2025-06-01 07:19:56 INFO     [__main__] [SKIP breakout] NVDA - pivot 143.49 未ブレイク
2025-06-01 09:02:20 INFO     [__main__] Logger initialized — start live run
2025-06-01 09:02:20 INFO     [__main__] >>> run_live() entered
2025-06-01 09:02:20 INFO     [__main__] >>> run_live() entered (paper=True)
2025-06-01 09:02:20 INFO     [__main__] cfg keys: ['fundamentals', 'live', 'log_level', 'sepa']
2025-06-01 09:02:20 INFO     [__main__] cfg['live']: {'capital': 1000000, 'top_n': 5, 'throttle_sec': 0.2}
2025-06-01 09:02:20 INFO     [__main__] Generating SEPA signals (top_n=5)…
2025-06-01 09:02:57 INFO     [__main__] screen() returned 2 rows
2025-06-01 09:02:57 INFO     [__main__] [SKIP breakout] META - pivot 662.67 未ブレイク
2025-06-01 09:02:57 INFO     [__main__] [SKIP breakout] NVDA - pivot 143.49 未ブレイク
2025-06-01 09:06:01 INFO     [__main__] Logger initialized — start live run
2025-06-01 09:06:01 INFO     [__main__] >>> run_live() entered
2025-06-01 09:06:01 INFO     [__main__] >>> run_live() entered (paper=True)
2025-06-01 09:06:01 INFO     [__main__] cfg keys: ['fundamentals', 'live', 'log_level', 'sepa']
2025-06-01 09:06:01 INFO     [__main__] cfg['live']: {'capital': 1000000, 'top_n': 5, 'throttle_sec': 0.2}
2025-06-01 09:06:01 INFO     [__main__] Generating SEPA signals (top_n=5)…
2025-06-01 09:06:32 INFO     [__main__] screen() returned 2 rows
2025-06-01 09:06:32 INFO     [__main__] [SIGNAL] META entry=653.96 sl=621.26 tp=719.36 qty=143
2025-06-01 09:06:32 INFO     [__main__] [PAPER] Order skipped (dry-run mode)
2025-06-01 09:06:33 INFO     [__main__] [SIGNAL] NVDA entry=136.48 sl=129.66 tp=150.13 qty=447
2025-06-01 09:06:33 INFO     [__main__] [PAPER] Order skipped (dry-run mode)
